<?xml version="1.0" encoding="UTF-8"?>
<testsuite xmlns:xsi="http://www.w3.org/2001/XMLSchema-instance" xsi:noNamespaceSchemaLocation="https://maven.apache.org/surefire/maven-surefire-plugin/xsd/surefire-test-report-3.0.xsd" version="3.0" name="com.converter.CorpActnNtfctnConverterTest$XsdValidationTests" time="0.219" tests="2" errors="0" skipped="0" failures="0">
  <properties>
[...]
</properties>
  <testcase name="convert_corruptedXml_hasXsdErrors" classname="com.converter.CorpActnNtfctnConverterTest$XsdValidationTests" time="0.128">
    <system-err><![CDATA[Jul 03, 2026 5:08:58 PM com.converter.CorpActnNtfctnConverter convert
INFO: Starting conversion of MT564
]]></system-err>
  </testcase>
  <testcase name="convert_validOutput_passesXsd" classname="com.converter.CorpActnNtfctnConverterTest$XsdValidationTests" time="0.073">
    <system-err><![CDATA[Jul 03, 2026 5:08:59 PM com.converter.CorpActnNtfctnConverter convert
INFO: Starting conversion of MT564
]]></system-err>
  </testcase>
</testsuite>